2018-12-30 20:19:37,757 [1   ] [INFO ] Running application on Microsoft Windows NT 6.2.9200.0 (64-bit) 
2018-12-30 20:19:37,911 [1   ] [INFO ] Checking plugin DLL files...
2018-12-30 20:19:37,912 [1   ] [INFO ] Validating ETS2 path: 'x:\steam\SteamApps\common\Euro Truck Simulator 2' ... OK
2018-12-30 20:19:37,916 [1   ] [INFO ] Validating ATS path: 'x:\steam\SteamApps\common\American Truck Simulator' ... OK
2018-12-30 20:19:37,918 [1   ] [INFO ] Checking Firewall rule...
2018-12-30 20:19:37,919 [1   ] [INFO ] Running command line: 
netsh advfirewall firewall show rule dir=in name=all
2018-12-30 20:19:38,453 [1   ] [INFO ] Checking ACL rule status...
2018-12-30 20:19:38,453 [1   ] [INFO ] Running command line: 
netsh http show urlacl url=http://+:25555/
2018-12-30 20:19:38,611 [1   ] [INFO ] Found following network interfaces: 
'{924B2A99-D025-4670-A02E-F1E1AEDDB6F6}': 'VirtualBox Host-Only Network' (Up), 
'{AA835A86-BF6F-4843-87A0-EAA35AFBCA5F}': 'Ethernet' (Up), 
'{F8F0777B-5DEA-11E8-967D-806E6F6E6963}': 'Loopback Pseudo-Interface 1' (Up)
2018-12-30 20:34:15,513 [1   ] [INFO ] Running application on Microsoft Windows NT 6.2.9200.0 (64-bit) 
2018-12-30 20:34:15,662 [1   ] [INFO ] Checking plugin DLL files...
2018-12-30 20:34:15,663 [1   ] [INFO ] Validating ETS2 path: 'x:\steam\SteamApps\common\Euro Truck Simulator 2' ... OK
2018-12-30 20:34:15,667 [1   ] [INFO ] Validating ATS path: 'x:\steam\SteamApps\common\American Truck Simulator' ... OK
2018-12-30 20:34:15,669 [1   ] [INFO ] Checking Firewall rule...
2018-12-30 20:34:15,671 [1   ] [INFO ] Running command line: 
netsh advfirewall firewall show rule dir=in name=all
2018-12-30 20:34:16,165 [1   ] [INFO ] Checking ACL rule status...
2018-12-30 20:34:16,165 [1   ] [INFO ] Running command line: 
netsh http show urlacl url=http://+:25555/
2018-12-30 20:34:16,321 [1   ] [INFO ] Found following network interfaces: 
'{924B2A99-D025-4670-A02E-F1E1AEDDB6F6}': 'VirtualBox Host-Only Network' (Up), 
'{AA835A86-BF6F-4843-87A0-EAA35AFBCA5F}': 'Ethernet' (Up), 
'{F8F0777B-5DEA-11E8-967D-806E6F6E6963}': 'Loopback Pseudo-Interface 1' (Up)
2018-12-31 12:09:02,480 [1   ] [INFO ] Running application on Microsoft Windows NT 6.2.9200.0 (64-bit) 
2018-12-31 12:09:02,646 [1   ] [INFO ] Checking plugin DLL files...
2018-12-31 12:09:02,649 [1   ] [INFO ] Validating ETS2 path: 'x:\steam\SteamApps\common\Euro Truck Simulator 2' ... OK
2018-12-31 12:09:02,656 [1   ] [INFO ] Validating ATS path: 'x:\steam\SteamApps\common\American Truck Simulator' ... OK
2018-12-31 12:09:02,658 [1   ] [INFO ] Checking Firewall rule...
2018-12-31 12:09:02,660 [1   ] [INFO ] Running command line: 
netsh advfirewall firewall show rule dir=in name=all
2018-12-31 12:09:03,141 [1   ] [INFO ] Checking ACL rule status...
2018-12-31 12:09:03,141 [1   ] [INFO ] Running command line: 
netsh http show urlacl url=http://+:25555/
2018-12-31 12:09:03,309 [1   ] [INFO ] Found following network interfaces: 
'{924B2A99-D025-4670-A02E-F1E1AEDDB6F6}': 'VirtualBox Host-Only Network' (Up), 
'{AA835A86-BF6F-4843-87A0-EAA35AFBCA5F}': 'Ethernet' (Up), 
'{F8F0777B-5DEA-11E8-967D-806E6F6E6963}': 'Loopback Pseudo-Interface 1' (Up)
2018-12-31 12:48:36,461 [1   ] [INFO ] Running application on Microsoft Windows NT 6.2.9200.0 (64-bit) 
2018-12-31 12:48:36,602 [1   ] [INFO ] Checking plugin DLL files...
2018-12-31 12:48:36,603 [1   ] [INFO ] Validating ETS2 path: 'x:\steam\SteamApps\common\Euro Truck Simulator 2' ... OK
2018-12-31 12:48:36,607 [1   ] [INFO ] Validating ATS path: 'x:\steam\SteamApps\common\American Truck Simulator' ... OK
2018-12-31 12:48:36,608 [1   ] [INFO ] Checking Firewall rule...
2018-12-31 12:48:36,610 [1   ] [INFO ] Running command line: 
netsh advfirewall firewall show rule dir=in name=all
2018-12-31 12:48:37,063 [1   ] [INFO ] Checking ACL rule status...
2018-12-31 12:48:37,063 [1   ] [INFO ] Running command line: 
netsh http show urlacl url=http://+:25555/
2018-12-31 12:48:37,213 [1   ] [INFO ] Found following network interfaces: 
'{924B2A99-D025-4670-A02E-F1E1AEDDB6F6}': 'VirtualBox Host-Only Network' (Up), 
'{AA835A86-BF6F-4843-87A0-EAA35AFBCA5F}': 'Ethernet' (Up), 
'{F8F0777B-5DEA-11E8-967D-806E6F6E6963}': 'Loopback Pseudo-Interface 1' (Up)
2018-12-31 14:50:50,372 [1   ] [INFO ] Running application on Microsoft Windows NT 6.2.9200.0 (64-bit) 
2018-12-31 14:50:50,518 [1   ] [INFO ] Checking plugin DLL files...
2018-12-31 14:50:50,519 [1   ] [INFO ] Validating ETS2 path: 'x:\steam\SteamApps\common\Euro Truck Simulator 2' ... OK
2018-12-31 14:50:50,523 [1   ] [INFO ] Validating ATS path: 'x:\steam\SteamApps\common\American Truck Simulator' ... OK
2018-12-31 14:50:50,524 [1   ] [INFO ] Checking Firewall rule...
2018-12-31 14:50:50,526 [1   ] [INFO ] Running command line: 
netsh advfirewall firewall show rule dir=in name=all
2018-12-31 14:50:50,992 [1   ] [INFO ] Checking ACL rule status...
2018-12-31 14:50:50,992 [1   ] [INFO ] Running command line: 
netsh http show urlacl url=http://+:25555/
2018-12-31 14:50:51,142 [1   ] [INFO ] Found following network interfaces: 
'{924B2A99-D025-4670-A02E-F1E1AEDDB6F6}': 'VirtualBox Host-Only Network' (Up), 
'{AA835A86-BF6F-4843-87A0-EAA35AFBCA5F}': 'Ethernet' (Up), 
'{F8F0777B-5DEA-11E8-967D-806E6F6E6963}': 'Loopback Pseudo-Interface 1' (Up)
2018-12-31 14:51:38,222 [1   ] [INFO ] Running application on Microsoft Windows NT 6.2.9200.0 (64-bit) 
2018-12-31 14:51:38,363 [1   ] [INFO ] Checking plugin DLL files...
2018-12-31 14:51:38,363 [1   ] [INFO ] Validating ETS2 path: 'x:\steam\SteamApps\common\Euro Truck Simulator 2' ... OK
2018-12-31 14:51:38,368 [1   ] [INFO ] Validating ATS path: 'x:\steam\SteamApps\common\American Truck Simulator' ... OK
2018-12-31 14:51:38,370 [1   ] [INFO ] Checking Firewall rule...
2018-12-31 14:51:38,372 [1   ] [INFO ] Running command line: 
netsh advfirewall firewall show rule dir=in name=all
2018-12-31 14:51:38,823 [1   ] [INFO ] Checking ACL rule status...
2018-12-31 14:51:38,823 [1   ] [INFO ] Running command line: 
netsh http show urlacl url=http://+:25555/
2018-12-31 14:51:38,976 [1   ] [INFO ] Found following network interfaces: 
'{924B2A99-D025-4670-A02E-F1E1AEDDB6F6}': 'VirtualBox Host-Only Network' (Up), 
'{AA835A86-BF6F-4843-87A0-EAA35AFBCA5F}': 'Ethernet' (Up), 
'{F8F0777B-5DEA-11E8-967D-806E6F6E6963}': 'Loopback Pseudo-Interface 1' (Up)
2018-12-31 16:45:52,622 [1   ] [INFO ] Running application on Microsoft Windows NT 6.2.9200.0 (64-bit) 
2018-12-31 16:45:52,771 [1   ] [INFO ] Checking plugin DLL files...
2018-12-31 16:45:52,773 [1   ] [INFO ] Validating ETS2 path: 'x:\steam\SteamApps\common\Euro Truck Simulator 2' ... OK
2018-12-31 16:45:52,778 [1   ] [INFO ] Validating ATS path: 'x:\steam\SteamApps\common\American Truck Simulator' ... OK
2018-12-31 16:45:52,780 [1   ] [INFO ] Checking Firewall rule...
2018-12-31 16:45:52,782 [1   ] [INFO ] Running command line: 
netsh advfirewall firewall show rule dir=in name=all
2018-12-31 16:45:53,275 [1   ] [INFO ] Checking ACL rule status...
2018-12-31 16:45:53,275 [1   ] [INFO ] Running command line: 
netsh http show urlacl url=http://+:25555/
2018-12-31 16:45:53,437 [1   ] [INFO ] Found following network interfaces: 
'{924B2A99-D025-4670-A02E-F1E1AEDDB6F6}': 'VirtualBox Host-Only Network' (Up), 
'{AA835A86-BF6F-4843-87A0-EAA35AFBCA5F}': 'Ethernet' (Up), 
'{F8F0777B-5DEA-11E8-967D-806E6F6E6963}': 'Loopback Pseudo-Interface 1' (Up)
2018-12-31 16:50:33,397 [1   ] [INFO ] Running application on Microsoft Windows NT 6.2.9200.0 (64-bit) 
2018-12-31 16:50:33,541 [1   ] [INFO ] Checking plugin DLL files...
2018-12-31 16:50:33,542 [1   ] [INFO ] Validating ETS2 path: 'x:\steam\SteamApps\common\Euro Truck Simulator 2' ... OK
2018-12-31 16:50:33,547 [1   ] [INFO ] Validating ATS path: 'x:\steam\SteamApps\common\American Truck Simulator' ... OK
2018-12-31 16:50:33,548 [1   ] [INFO ] Checking Firewall rule...
2018-12-31 16:50:33,550 [1   ] [INFO ] Running command line: 
netsh advfirewall firewall show rule dir=in name=all
2018-12-31 16:50:34,007 [1   ] [INFO ] Checking ACL rule status...
2018-12-31 16:50:34,007 [1   ] [INFO ] Running command line: 
netsh http show urlacl url=http://+:25555/
2018-12-31 16:50:34,165 [1   ] [INFO ] Found following network interfaces: 
'{924B2A99-D025-4670-A02E-F1E1AEDDB6F6}': 'VirtualBox Host-Only Network' (Up), 
'{AA835A86-BF6F-4843-87A0-EAA35AFBCA5F}': 'Ethernet' (Up), 
'{F8F0777B-5DEA-11E8-967D-806E6F6E6963}': 'Loopback Pseudo-Interface 1' (Up)
2018-12-31 17:27:45,047 [1   ] [INFO ] Running application on Microsoft Windows NT 6.2.9200.0 (64-bit) 
2018-12-31 17:27:45,208 [1   ] [INFO ] Checking plugin DLL files...
2018-12-31 17:27:45,208 [1   ] [INFO ] Validating ETS2 path: 'x:\steam\SteamApps\common\Euro Truck Simulator 2' ... OK
2018-12-31 17:27:45,213 [1   ] [INFO ] Validating ATS path: 'x:\steam\SteamApps\common\American Truck Simulator' ... OK
2018-12-31 17:27:45,214 [1   ] [INFO ] Checking Firewall rule...
2018-12-31 17:27:45,216 [1   ] [INFO ] Running command line: 
netsh advfirewall firewall show rule dir=in name=all
2018-12-31 17:27:45,723 [1   ] [INFO ] Checking ACL rule status...
2018-12-31 17:27:45,723 [1   ] [INFO ] Running command line: 
netsh http show urlacl url=http://+:25555/
2018-12-31 17:27:45,880 [1   ] [INFO ] Found following network interfaces: 
'{924B2A99-D025-4670-A02E-F1E1AEDDB6F6}': 'VirtualBox Host-Only Network' (Up), 
'{AA835A86-BF6F-4843-87A0-EAA35AFBCA5F}': 'Ethernet' (Up), 
'{F8F0777B-5DEA-11E8-967D-806E6F6E6963}': 'Loopback Pseudo-Interface 1' (Up)
2018-12-31 17:29:56,486 [1   ] [INFO ] Running application on Microsoft Windows NT 6.2.9200.0 (64-bit) 
2018-12-31 17:29:56,647 [1   ] [INFO ] Checking plugin DLL files...
2018-12-31 17:29:56,648 [1   ] [INFO ] Validating ETS2 path: 'x:\steam\SteamApps\common\Euro Truck Simulator 2' ... OK
2018-12-31 17:29:56,653 [1   ] [INFO ] Validating ATS path: 'x:\steam\SteamApps\common\American Truck Simulator' ... OK
2018-12-31 17:29:56,655 [1   ] [INFO ] Checking Firewall rule...
2018-12-31 17:29:56,658 [1   ] [INFO ] Running command line: 
netsh advfirewall firewall show rule dir=in name=all
2018-12-31 17:29:57,132 [1   ] [INFO ] Checking ACL rule status...
2018-12-31 17:29:57,133 [1   ] [INFO ] Running command line: 
netsh http show urlacl url=http://+:25555/
2018-12-31 17:29:57,294 [1   ] [INFO ] Found following network interfaces: 
'{924B2A99-D025-4670-A02E-F1E1AEDDB6F6}': 'VirtualBox Host-Only Network' (Up), 
'{AA835A86-BF6F-4843-87A0-EAA35AFBCA5F}': 'Ethernet' (Up), 
'{F8F0777B-5DEA-11E8-967D-806E6F6E6963}': 'Loopback Pseudo-Interface 1' (Up)
2018-12-31 17:30:11,912 [1   ] [INFO ] Running application on Microsoft Windows NT 6.2.9200.0 (64-bit) 
2018-12-31 17:30:12,060 [1   ] [INFO ] Checking plugin DLL files...
2018-12-31 17:30:12,061 [1   ] [INFO ] Validating ETS2 path: 'x:\steam\SteamApps\common\Euro Truck Simulator 2' ... OK
2018-12-31 17:30:12,066 [1   ] [INFO ] Validating ATS path: 'x:\steam\SteamApps\common\American Truck Simulator' ... OK
2018-12-31 17:30:12,068 [1   ] [INFO ] Checking Firewall rule...
2018-12-31 17:30:12,070 [1   ] [INFO ] Running command line: 
netsh advfirewall firewall show rule dir=in name=all
2018-12-31 17:30:12,538 [1   ] [INFO ] Checking ACL rule status...
2018-12-31 17:30:12,538 [1   ] [INFO ] Running command line: 
netsh http show urlacl url=http://+:25555/
2018-12-31 17:30:12,710 [1   ] [INFO ] Found following network interfaces: 
'{924B2A99-D025-4670-A02E-F1E1AEDDB6F6}': 'VirtualBox Host-Only Network' (Up), 
'{AA835A86-BF6F-4843-87A0-EAA35AFBCA5F}': 'Ethernet' (Up), 
'{F8F0777B-5DEA-11E8-967D-806E6F6E6963}': 'Loopback Pseudo-Interface 1' (Up)
2018-12-31 17:33:50,820 [1   ] [INFO ] Running application on Microsoft Windows NT 6.2.9200.0 (64-bit) 
2018-12-31 17:33:50,963 [1   ] [INFO ] Checking plugin DLL files...
2018-12-31 17:33:50,964 [1   ] [INFO ] Validating ETS2 path: 'x:\steam\SteamApps\common\Euro Truck Simulator 2' ... OK
2018-12-31 17:33:50,968 [1   ] [INFO ] Validating ATS path: 'x:\steam\SteamApps\common\American Truck Simulator' ... OK
2018-12-31 17:33:50,970 [1   ] [INFO ] Checking Firewall rule...
2018-12-31 17:33:50,972 [1   ] [INFO ] Running command line: 
netsh advfirewall firewall show rule dir=in name=all
2018-12-31 17:33:51,412 [1   ] [INFO ] Checking ACL rule status...
2018-12-31 17:33:51,412 [1   ] [INFO ] Running command line: 
netsh http show urlacl url=http://+:25555/
2018-12-31 17:33:51,566 [1   ] [INFO ] Found following network interfaces: 
'{924B2A99-D025-4670-A02E-F1E1AEDDB6F6}': 'VirtualBox Host-Only Network' (Up), 
'{AA835A86-BF6F-4843-87A0-EAA35AFBCA5F}': 'Ethernet' (Up), 
'{F8F0777B-5DEA-11E8-967D-806E6F6E6963}': 'Loopback Pseudo-Interface 1' (Up)
2018-12-31 17:35:26,672 [1   ] [INFO ] Running application on Microsoft Windows NT 6.2.9200.0 (64-bit) 
2018-12-31 17:35:26,817 [1   ] [INFO ] Checking plugin DLL files...
2018-12-31 17:35:26,818 [1   ] [INFO ] Validating ETS2 path: 'x:\steam\SteamApps\common\Euro Truck Simulator 2' ... OK
2018-12-31 17:35:26,822 [1   ] [INFO ] Validating ATS path: 'x:\steam\SteamApps\common\American Truck Simulator' ... OK
2018-12-31 17:35:26,824 [1   ] [INFO ] Checking Firewall rule...
2018-12-31 17:35:26,826 [1   ] [INFO ] Running command line: 
netsh advfirewall firewall show rule dir=in name=all
2018-12-31 17:35:27,287 [1   ] [INFO ] Checking ACL rule status...
2018-12-31 17:35:27,287 [1   ] [INFO ] Running command line: 
netsh http show urlacl url=http://+:25555/
2018-12-31 17:35:27,445 [1   ] [INFO ] Found following network interfaces: 
'{924B2A99-D025-4670-A02E-F1E1AEDDB6F6}': 'VirtualBox Host-Only Network' (Up), 
'{AA835A86-BF6F-4843-87A0-EAA35AFBCA5F}': 'Ethernet' (Up), 
'{F8F0777B-5DEA-11E8-967D-806E6F6E6963}': 'Loopback Pseudo-Interface 1' (Up)
2018-12-31 17:35:55,561 [1   ] [INFO ] Running application on Microsoft Windows NT 6.2.9200.0 (64-bit) 
2018-12-31 17:35:55,717 [1   ] [INFO ] Checking plugin DLL files...
2018-12-31 17:35:55,717 [1   ] [INFO ] Validating ETS2 path: 'x:\steam\SteamApps\common\Euro Truck Simulator 2' ... OK
2018-12-31 17:35:55,722 [1   ] [INFO ] Validating ATS path: 'x:\steam\SteamApps\common\American Truck Simulator' ... OK
2018-12-31 17:35:55,723 [1   ] [INFO ] Checking Firewall rule...
2018-12-31 17:35:55,725 [1   ] [INFO ] Running command line: 
netsh advfirewall firewall show rule dir=in name=all
2018-12-31 17:35:56,172 [1   ] [INFO ] Checking ACL rule status...
2018-12-31 17:35:56,172 [1   ] [INFO ] Running command line: 
netsh http show urlacl url=http://+:25555/
2018-12-31 17:35:56,335 [1   ] [INFO ] Found following network interfaces: 
'{924B2A99-D025-4670-A02E-F1E1AEDDB6F6}': 'VirtualBox Host-Only Network' (Up), 
'{AA835A86-BF6F-4843-87A0-EAA35AFBCA5F}': 'Ethernet' (Up), 
'{F8F0777B-5DEA-11E8-967D-806E6F6E6963}': 'Loopback Pseudo-Interface 1' (Up)
2018-12-31 17:37:13,128 [1   ] [INFO ] Running application on Microsoft Windows NT 6.2.9200.0 (64-bit) 
2018-12-31 17:37:13,273 [1   ] [INFO ] Checking plugin DLL files...
2018-12-31 17:37:13,273 [1   ] [INFO ] Validating ETS2 path: 'x:\steam\SteamApps\common\Euro Truck Simulator 2' ... OK
2018-12-31 17:37:13,278 [1   ] [INFO ] Validating ATS path: 'x:\steam\SteamApps\common\American Truck Simulator' ... OK
2018-12-31 17:37:13,279 [1   ] [INFO ] Checking Firewall rule...
2018-12-31 17:37:13,281 [1   ] [INFO ] Running command line: 
netsh advfirewall firewall show rule dir=in name=all
2018-12-31 17:37:13,749 [1   ] [INFO ] Checking ACL rule status...
2018-12-31 17:37:13,749 [1   ] [INFO ] Running command line: 
netsh http show urlacl url=http://+:25555/
2018-12-31 17:37:13,905 [1   ] [INFO ] Found following network interfaces: 
'{924B2A99-D025-4670-A02E-F1E1AEDDB6F6}': 'VirtualBox Host-Only Network' (Up), 
'{AA835A86-BF6F-4843-87A0-EAA35AFBCA5F}': 'Ethernet' (Up), 
'{F8F0777B-5DEA-11E8-967D-806E6F6E6963}': 'Loopback Pseudo-Interface 1' (Up)
2018-12-31 17:37:55,282 [1   ] [INFO ] Running application on Microsoft Windows NT 6.2.9200.0 (64-bit) 
2018-12-31 17:37:55,427 [1   ] [INFO ] Checking plugin DLL files...
2018-12-31 17:37:55,428 [1   ] [INFO ] Validating ETS2 path: 'x:\steam\SteamApps\common\Euro Truck Simulator 2' ... OK
2018-12-31 17:37:55,432 [1   ] [INFO ] Validating ATS path: 'x:\steam\SteamApps\common\American Truck Simulator' ... OK
2018-12-31 17:37:55,434 [1   ] [INFO ] Checking Firewall rule...
2018-12-31 17:37:55,435 [1   ] [INFO ] Running command line: 
netsh advfirewall firewall show rule dir=in name=all
2018-12-31 17:37:55,883 [1   ] [INFO ] Checking ACL rule status...
2018-12-31 17:37:55,883 [1   ] [INFO ] Running command line: 
netsh http show urlacl url=http://+:25555/
2018-12-31 17:37:56,035 [1   ] [INFO ] Found following network interfaces: 
'{924B2A99-D025-4670-A02E-F1E1AEDDB6F6}': 'VirtualBox Host-Only Network' (Up), 
'{AA835A86-BF6F-4843-87A0-EAA35AFBCA5F}': 'Ethernet' (Up), 
'{F8F0777B-5DEA-11E8-967D-806E6F6E6963}': 'Loopback Pseudo-Interface 1' (Up)
2018-12-31 17:39:52,294 [1   ] [INFO ] Running application on Microsoft Windows NT 6.2.9200.0 (64-bit) 
2018-12-31 17:39:52,438 [1   ] [INFO ] Checking plugin DLL files...
2018-12-31 17:39:52,439 [1   ] [INFO ] Validating ETS2 path: 'x:\steam\SteamApps\common\Euro Truck Simulator 2' ... OK
2018-12-31 17:39:52,443 [1   ] [INFO ] Validating ATS path: 'x:\steam\SteamApps\common\American Truck Simulator' ... OK
2018-12-31 17:39:52,445 [1   ] [INFO ] Checking Firewall rule...
2018-12-31 17:39:52,447 [1   ] [INFO ] Running command line: 
netsh advfirewall firewall show rule dir=in name=all
2018-12-31 17:39:52,970 [1   ] [INFO ] Checking ACL rule status...
2018-12-31 17:39:52,970 [1   ] [INFO ] Running command line: 
netsh http show urlacl url=http://+:25555/
2018-12-31 17:39:53,124 [1   ] [INFO ] Found following network interfaces: 
'{924B2A99-D025-4670-A02E-F1E1AEDDB6F6}': 'VirtualBox Host-Only Network' (Up), 
'{AA835A86-BF6F-4843-87A0-EAA35AFBCA5F}': 'Ethernet' (Up), 
'{F8F0777B-5DEA-11E8-967D-806E6F6E6963}': 'Loopback Pseudo-Interface 1' (Up)
2018-12-31 17:40:19,805 [1   ] [INFO ] Running application on Microsoft Windows NT 6.2.9200.0 (64-bit) 
2018-12-31 17:40:19,951 [1   ] [INFO ] Checking plugin DLL files...
2018-12-31 17:40:19,952 [1   ] [INFO ] Validating ETS2 path: 'x:\steam\SteamApps\common\Euro Truck Simulator 2' ... OK
2018-12-31 17:40:19,957 [1   ] [INFO ] Validating ATS path: 'x:\steam\SteamApps\common\American Truck Simulator' ... OK
2018-12-31 17:40:19,959 [1   ] [INFO ] Checking Firewall rule...
2018-12-31 17:40:19,960 [1   ] [INFO ] Running command line: 
netsh advfirewall firewall show rule dir=in name=all
2018-12-31 17:40:20,416 [1   ] [INFO ] Checking ACL rule status...
2018-12-31 17:40:20,416 [1   ] [INFO ] Running command line: 
netsh http show urlacl url=http://+:25555/
2018-12-31 17:40:20,571 [1   ] [INFO ] Found following network interfaces: 
'{924B2A99-D025-4670-A02E-F1E1AEDDB6F6}': 'VirtualBox Host-Only Network' (Up), 
'{AA835A86-BF6F-4843-87A0-EAA35AFBCA5F}': 'Ethernet' (Up), 
'{F8F0777B-5DEA-11E8-967D-806E6F6E6963}': 'Loopback Pseudo-Interface 1' (Up)
2018-12-31 17:42:47,074 [1   ] [INFO ] Running application on Microsoft Windows NT 6.2.9200.0 (64-bit) 
2018-12-31 17:42:47,221 [1   ] [INFO ] Checking plugin DLL files...
2018-12-31 17:42:47,222 [1   ] [INFO ] Validating ETS2 path: 'x:\steam\SteamApps\common\Euro Truck Simulator 2' ... OK
2018-12-31 17:42:47,227 [1   ] [INFO ] Validating ATS path: 'x:\steam\SteamApps\common\American Truck Simulator' ... OK
2018-12-31 17:42:47,228 [1   ] [INFO ] Checking Firewall rule...
2018-12-31 17:42:47,230 [1   ] [INFO ] Running command line: 
netsh advfirewall firewall show rule dir=in name=all
2018-12-31 17:42:47,686 [1   ] [INFO ] Checking ACL rule status...
2018-12-31 17:42:47,686 [1   ] [INFO ] Running command line: 
netsh http show urlacl url=http://+:25555/
2018-12-31 17:42:47,843 [1   ] [INFO ] Found following network interfaces: 
'{924B2A99-D025-4670-A02E-F1E1AEDDB6F6}': 'VirtualBox Host-Only Network' (Up), 
'{AA835A86-BF6F-4843-87A0-EAA35AFBCA5F}': 'Ethernet' (Up), 
'{F8F0777B-5DEA-11E8-967D-806E6F6E6963}': 'Loopback Pseudo-Interface 1' (Up)
2018-12-31 17:43:52,540 [1   ] [INFO ] Running application on Microsoft Windows NT 6.2.9200.0 (64-bit) 
2018-12-31 17:43:52,686 [1   ] [INFO ] Checking plugin DLL files...
2018-12-31 17:43:52,687 [1   ] [INFO ] Validating ETS2 path: 'x:\steam\SteamApps\common\Euro Truck Simulator 2' ... OK
2018-12-31 17:43:52,691 [1   ] [INFO ] Validating ATS path: 'x:\steam\SteamApps\common\American Truck Simulator' ... OK
2018-12-31 17:43:52,693 [1   ] [INFO ] Checking Firewall rule...
2018-12-31 17:43:52,694 [1   ] [INFO ] Running command line: 
netsh advfirewall firewall show rule dir=in name=all
2018-12-31 17:43:53,137 [1   ] [INFO ] Checking ACL rule status...
2018-12-31 17:43:53,138 [1   ] [INFO ] Running command line: 
netsh http show urlacl url=http://+:25555/
2018-12-31 17:43:53,294 [1   ] [INFO ] Found following network interfaces: 
'{924B2A99-D025-4670-A02E-F1E1AEDDB6F6}': 'VirtualBox Host-Only Network' (Up), 
'{AA835A86-BF6F-4843-87A0-EAA35AFBCA5F}': 'Ethernet' (Up), 
'{F8F0777B-5DEA-11E8-967D-806E6F6E6963}': 'Loopback Pseudo-Interface 1' (Up)
2018-12-31 18:02:01,755 [1   ] [INFO ] Running application on Microsoft Windows NT 6.2.9200.0 (64-bit) 
2018-12-31 18:02:01,909 [1   ] [INFO ] Checking plugin DLL files...
2018-12-31 18:02:01,910 [1   ] [INFO ] Validating ETS2 path: 'x:\steam\SteamApps\common\Euro Truck Simulator 2' ... OK
2018-12-31 18:02:01,914 [1   ] [INFO ] Validating ATS path: 'x:\steam\SteamApps\common\American Truck Simulator' ... OK
2018-12-31 18:02:01,916 [1   ] [INFO ] Checking Firewall rule...
2018-12-31 18:02:01,918 [1   ] [INFO ] Running command line: 
netsh advfirewall firewall show rule dir=in name=all
2018-12-31 18:02:02,385 [1   ] [INFO ] Checking ACL rule status...
2018-12-31 18:02:02,385 [1   ] [INFO ] Running command line: 
netsh http show urlacl url=http://+:25555/
2018-12-31 18:02:02,546 [1   ] [INFO ] Found following network interfaces: 
'{924B2A99-D025-4670-A02E-F1E1AEDDB6F6}': 'VirtualBox Host-Only Network' (Up), 
'{AA835A86-BF6F-4843-87A0-EAA35AFBCA5F}': 'Ethernet' (Up), 
'{F8F0777B-5DEA-11E8-967D-806E6F6E6963}': 'Loopback Pseudo-Interface 1' (Up)
2018-12-31 20:23:10,859 [1   ] [INFO ] Running application on Microsoft Windows NT 6.2.9200.0 (64-bit) 
2018-12-31 20:23:11,020 [1   ] [INFO ] Checking plugin DLL files...
2018-12-31 20:23:11,021 [1   ] [INFO ] Validating ETS2 path: 'x:\steam\SteamApps\common\Euro Truck Simulator 2' ... OK
2018-12-31 20:23:11,026 [1   ] [INFO ] Validating ATS path: 'x:\steam\SteamApps\common\American Truck Simulator' ... OK
2018-12-31 20:23:11,028 [1   ] [INFO ] Checking Firewall rule...
2018-12-31 20:23:11,031 [1   ] [INFO ] Running command line: 
netsh advfirewall firewall show rule dir=in name=all
2018-12-31 20:23:11,547 [1   ] [INFO ] Checking ACL rule status...
2018-12-31 20:23:11,547 [1   ] [INFO ] Running command line: 
netsh http show urlacl url=http://+:25555/
2018-12-31 20:23:11,700 [1   ] [INFO ] Found following network interfaces: 
'{924B2A99-D025-4670-A02E-F1E1AEDDB6F6}': 'VirtualBox Host-Only Network' (Up), 
'{AA835A86-BF6F-4843-87A0-EAA35AFBCA5F}': 'Ethernet' (Up), 
'{F8F0777B-5DEA-11E8-967D-806E6F6E6963}': 'Loopback Pseudo-Interface 1' (Up)
2018-12-31 20:50:13,067 [1   ] [INFO ] Running application on Microsoft Windows NT 6.2.9200.0 (64-bit) 
2018-12-31 20:50:13,218 [1   ] [INFO ] Checking plugin DLL files...
2018-12-31 20:50:13,218 [1   ] [INFO ] Validating ETS2 path: 'x:\steam\SteamApps\common\Euro Truck Simulator 2' ... OK
2018-12-31 20:50:13,223 [1   ] [INFO ] Validating ATS path: 'x:\steam\SteamApps\common\American Truck Simulator' ... OK
2018-12-31 20:50:13,224 [1   ] [INFO ] Checking Firewall rule...
2018-12-31 20:50:13,226 [1   ] [INFO ] Running command line: 
netsh advfirewall firewall show rule dir=in name=all
2018-12-31 20:50:13,681 [1   ] [INFO ] Checking ACL rule status...
2018-12-31 20:50:13,681 [1   ] [INFO ] Running command line: 
netsh http show urlacl url=http://+:25555/
2018-12-31 20:50:13,830 [1   ] [INFO ] Found following network interfaces: 
'{924B2A99-D025-4670-A02E-F1E1AEDDB6F6}': 'VirtualBox Host-Only Network' (Up), 
'{AA835A86-BF6F-4843-87A0-EAA35AFBCA5F}': 'Ethernet' (Up), 
'{F8F0777B-5DEA-11E8-967D-806E6F6E6963}': 'Loopback Pseudo-Interface 1' (Up)
2018-12-31 21:59:15,618 [1   ] [INFO ] Running application on Microsoft Windows NT 6.2.9200.0 (64-bit) 
2018-12-31 21:59:15,766 [1   ] [INFO ] Checking plugin DLL files...
2018-12-31 21:59:15,767 [1   ] [INFO ] Validating ETS2 path: 'x:\steam\SteamApps\common\Euro Truck Simulator 2' ... OK
2018-12-31 21:59:15,771 [1   ] [INFO ] Validating ATS path: 'x:\steam\SteamApps\common\American Truck Simulator' ... OK
2018-12-31 21:59:15,773 [1   ] [INFO ] Checking Firewall rule...
2018-12-31 21:59:15,775 [1   ] [INFO ] Running command line: 
netsh advfirewall firewall show rule dir=in name=all
2018-12-31 21:59:16,248 [1   ] [INFO ] Checking ACL rule status...
2018-12-31 21:59:16,248 [1   ] [INFO ] Running command line: 
netsh http show urlacl url=http://+:25555/
2018-12-31 21:59:16,416 [1   ] [INFO ] Found following network interfaces: 
'{924B2A99-D025-4670-A02E-F1E1AEDDB6F6}': 'VirtualBox Host-Only Network' (Up), 
'{AA835A86-BF6F-4843-87A0-EAA35AFBCA5F}': 'Ethernet' (Up), 
'{F8F0777B-5DEA-11E8-967D-806E6F6E6963}': 'Loopback Pseudo-Interface 1' (Up)
